\BOOKMARK [0][-]{chapter*.1}{ABSTRACT}{}% 1
\BOOKMARK [0][-]{chapter*.5}{ACKNOWLEDGEMENT}{}% 2
\BOOKMARK [0][-]{chapter*.7}{LIST OF TABLES}{}% 3
\BOOKMARK [0][-]{chapter*.8}{LIST OF FIGURES}{}% 4
\BOOKMARK [0][-]{chapter*.9}{ABBREVIATIONS}{}% 5
\BOOKMARK [0][-]{chapter.1}{INTRODUCTION}{}% 6
\BOOKMARK [0][-]{chapter.2}{LITERATURE SURVEY}{}% 7
\BOOKMARK [0][-]{chapter.3}{IMPLEMENTATION}{}% 8
\BOOKMARK [1][-]{section.3.1}{Dataset Used}{chapter.3}% 9
\BOOKMARK [1][-]{section.3.2}{Genetic Algorithm}{chapter.3}% 10
\BOOKMARK [1][-]{section.3.3}{Random Forest}{chapter.3}% 11
\BOOKMARK [1][-]{section.3.4}{Long Short Term Memory}{chapter.3}% 12
\BOOKMARK [1][-]{section.3.5}{Auto Regressive Integrated Moving Average}{chapter.3}% 13
\BOOKMARK [0][-]{chapter.4}{SCREENSHOTS}{}% 14
\BOOKMARK [0][-]{chapter.5}{CONCLUSION}{}% 15
\BOOKMARK [0][-]{chapter.6}{FUTURE ENCHANCEMENTS}{}% 16
\BOOKMARK [0][-]{appendix.A}{CODE}{}% 17
\BOOKMARK [1][-]{section.A.1}{Genetic Algorithm}{appendix.A}% 18
\BOOKMARK [1][-]{section.A.2}{Random Forest}{appendix.A}% 19
\BOOKMARK [1][-]{section.A.3}{Long Short Term Memory}{appendix.A}% 20
\BOOKMARK [1][-]{section.A.4}{Auto Regressive Intergrated Moving Average}{appendix.A}% 21
